Flow report for Conecta_topo
Tue Nov 19 15:55:14 2019
Quartus II 64-Bit Version 13.0.0 Build 156 04/24/2013 SJ Web Edition


---------------------
; Table of Contents ;
---------------------
  1. Legal Notice
  2. Flow Summary
  3. Flow Settings
  4. Flow Non-Default Global Settings
  5. Flow Elapsed Time
  6. Flow OS Summary
  7. Flow Log
  8. Flow Messages
  9. Flow Suppressed Messages



----------------
; Legal Notice ;
----------------
Copyright (C) 1991-2013 Altera Corporation
Your use of Altera Corporation's design tools, logic functions 
and other software and tools, and its AMPP partner logic 
functions, and any output files from any of the foregoing 
(including device programming or simulation files), and any 
associated documentation or information are expressly subject 
to the terms and conditions of the Altera Program License 
Subscription Agreement, Altera MegaCore Function License 
Agreement, or other applicable license agreement, including, 
without limitation, that your use is for the sole purpose of 
programming logic devices manufactured by Altera and sold by 
Altera or its authorized distributors.  Please refer to the 
applicable agreement for further details.



+---------------------------------------------------------------------------------+
; Flow Summary                                                                    ;
+------------------------------------+--------------------------------------------+
; Flow Status                        ; Successful - Tue Nov 19 15:55:14 2019      ;
; Quartus II 64-Bit Version          ; 13.0.0 Build 156 04/24/2013 SJ Web Edition ;
; Revision Name                      ; Conecta_topo                               ;
; Top-level Entity Name              ; Conecta_topo                               ;
; Family                             ; Cyclone III                                ;
; Device                             ; EP3C25F324C6                               ;
; Timing Models                      ; Final                                      ;
; Total logic elements               ; 5,261 / 24,624 ( 21 % )                    ;
;     Total combinational functions  ; 5,163 / 24,624 ( 21 % )                    ;
;     Dedicated logic registers      ; 950 / 24,624 ( 4 % )                       ;
; Total registers                    ; 1078                                       ;
; Total pins                         ; 194 / 216 ( 90 % )                         ;
; Total virtual pins                 ; 0                                          ;
; Total memory bits                  ; 0 / 608,256 ( 0 % )                        ;
; Embedded Multiplier 9-bit elements ; 0 / 132 ( 0 % )                            ;
; Total PLLs                         ; 0 / 4 ( 0 % )                              ;
+------------------------------------+--------------------------------------------+


+-----------------------------------------+
; Flow Settings                           ;
+-------------------+---------------------+
; Option            ; Setting             ;
+-------------------+---------------------+
; Start date & time ; 11/19/2019 15:53:07 ;
; Main task         ; Compilation         ;
; Revision Name     ; Conecta_topo        ;
+-------------------+---------------------+


+-------------------------------------------------------------------------------------------------------------------------------+
; Flow Non-Default Global Settings                                                                                              ;
+--------------------------------------+---------------------------------------+---------------+-------------+------------------+
; Assignment Name                      ; Value                                 ; Default Value ; Entity Name ; Section Id       ;
+--------------------------------------+---------------------------------------+---------------+-------------+------------------+
; COMPILER_SIGNATURE_ID                ; 167304661237443.157418958706232       ; --            ; --          ; --               ;
; EDA_DESIGN_INSTANCE_NAME             ; instancia_topo                        ; --            ; --          ; tb_TOPO          ;
; EDA_ENABLE_GLITCH_FILTERING          ; On                                    ; --            ; --          ; eda_simulation   ;
; EDA_FORMAL_VERIFICATION_TOOL         ; Conformal LEC                         ; <None>        ; --          ; --               ;
; EDA_MAP_ILLEGAL_CHARACTERS           ; On                                    ; --            ; --          ; eda_simulation   ;
; EDA_NATIVELINK_SIMULATION_TEST_BENCH ; tb_TOPO                               ; --            ; --          ; eda_simulation   ;
; EDA_OUTPUT_DATA_FORMAT               ; Vhdl                                  ; --            ; --          ; eda_simulation   ;
; EDA_RUN_TOOL_AUTOMATICALLY           ; On                                    ; --            ; --          ; eda_simulation   ;
; EDA_SIMULATION_TOOL                  ; ModelSim-Altera (VHDL)                ; <None>        ; --          ; --               ;
; EDA_TEST_BENCH_DESIGN_INSTANCE_NAME  ; tb_TOPO                               ; --            ; --          ; eda_simulation   ;
; EDA_TEST_BENCH_ENABLE_STATUS         ; TEST_BENCH_MODE                       ; --            ; --          ; eda_simulation   ;
; EDA_TEST_BENCH_FILE                  ; tb_TOPO.vhd                           ; --            ; --          ; tb_TOPO          ;
; EDA_TEST_BENCH_MODULE_NAME           ; tb_TOPO                               ; --            ; --          ; tb_TOPO          ;
; EDA_TEST_BENCH_NAME                  ; tb_TOPO                               ; --            ; --          ; eda_simulation   ;
; EDA_TEST_BENCH_RUN_SIM_FOR           ; 1 s                                   ; --            ; --          ; tb_TOPO          ;
; EDA_WRITE_NODES_FOR_POWER_ESTIMATION ; ALL_NODES                             ; --            ; --          ; eda_simulation   ;
; FLOW_ENABLE_POWER_ANALYZER           ; On                                    ; Off           ; --          ; --               ;
; MAX_CORE_JUNCTION_TEMP               ; 85                                    ; --            ; --          ; --               ;
; MIN_CORE_JUNCTION_TEMP               ; 0                                     ; --            ; --          ; --               ;
; NOMINAL_CORE_SUPPLY_VOLTAGE          ; 1.2V                                  ; --            ; --          ; --               ;
; PARTITION_COLOR                      ; 16764057                              ; --            ; --          ; Top              ;
; PARTITION_FITTER_PRESERVATION_LEVEL  ; PLACEMENT_AND_ROUTING                 ; --            ; --          ; Top              ;
; PARTITION_NETLIST_TYPE               ; SOURCE                                ; --            ; --          ; Top              ;
; POWER_BOARD_THERMAL_MODEL            ; None (CONSERVATIVE)                   ; --            ; --          ; --               ;
; POWER_DEFAULT_INPUT_IO_TOGGLE_RATE   ; 12.5 %                                ; 12.5%         ; --          ; --               ;
; POWER_INPUT_FILE_NAME                ; simulation/modelsim/Conecta_topo.vcd  ; --            ; --          ; conecta_topo.vcd ;
; POWER_PRESET_COOLING_SOLUTION        ; 23 MM HEAT SINK WITH 200 LFPM AIRFLOW ; --            ; --          ; --               ;
; POWER_USE_INPUT_FILES                ; On                                    ; Off           ; --          ; --               ;
; PROJECT_OUTPUT_DIRECTORY             ; output_files                          ; --            ; --          ; --               ;
+--------------------------------------+---------------------------------------+---------------+-------------+------------------+


+-------------------------------------------------------------------------------------------------------------------------------+
; Flow Elapsed Time                                                                                                             ;
+---------------------------+--------------+-------------------------+---------------------+------------------------------------+
; Module Name               ; Elapsed Time ; Average Processors Used ; Peak Virtual Memory ; Total CPU Time (on all processors) ;
+---------------------------+--------------+-------------------------+---------------------+------------------------------------+
; Analysis & Synthesis      ; 00:00:49     ; 1.0                     ; 4634 MB             ; 00:00:48                           ;
; Partition Merge           ; 00:00:02     ; 1.0                     ; 4585 MB             ; 00:00:01                           ;
; Fitter                    ; 00:00:33     ; 1.0                     ; 4871 MB             ; 00:00:33                           ;
; Assembler                 ; 00:00:02     ; 1.0                     ; 4556 MB             ; 00:00:02                           ;
; PowerPlay Power Analyzer  ; 00:00:09     ; 1.0                     ; 4618 MB             ; 00:00:09                           ;
; TimeQuest Timing Analyzer ; 00:00:08     ; 1.0                     ; 4655 MB             ; 00:00:07                           ;
; EDA Netlist Writer        ; 00:00:17     ; 1.0                     ; 4601 MB             ; 00:00:16                           ;
; Total                     ; 00:02:00     ; --                      ; --                  ; 00:01:56                           ;
+---------------------------+--------------+-------------------------+---------------------+------------------------------------+


+----------------------------------------------------------------------------------------+
; Flow OS Summary                                                                        ;
+---------------------------+------------------+-----------+------------+----------------+
; Module Name               ; Machine Hostname ; OS Name   ; OS Version ; Processor type ;
+---------------------------+------------------+-----------+------------+----------------+
; Analysis & Synthesis      ; LAPTOP-8MHTIE23  ; Windows 7 ; 6.2        ; x86_64         ;
; Partition Merge           ; LAPTOP-8MHTIE23  ; Windows 7 ; 6.2        ; x86_64         ;
; Fitter                    ; LAPTOP-8MHTIE23  ; Windows 7 ; 6.2        ; x86_64         ;
; Assembler                 ; LAPTOP-8MHTIE23  ; Windows 7 ; 6.2        ; x86_64         ;
; PowerPlay Power Analyzer  ; LAPTOP-8MHTIE23  ; Windows 7 ; 6.2        ; x86_64         ;
; TimeQuest Timing Analyzer ; LAPTOP-8MHTIE23  ; Windows 7 ; 6.2        ; x86_64         ;
; EDA Netlist Writer        ; LAPTOP-8MHTIE23  ; Windows 7 ; 6.2        ; x86_64         ;
+---------------------------+------------------+-----------+------------+----------------+


------------
; Flow Log ;
------------
quartus_map --read_settings_files=on --write_settings_files=off Conecta_topo -c Conecta_topo
quartus_cdb --read_settings_files=off --write_settings_files=off Conecta_topo -c Conecta_topo --merge=on
quartus_fit --read_settings_files=off --write_settings_files=off Conecta_topo -c Conecta_topo
quartus_asm --read_settings_files=off --write_settings_files=off Conecta_topo -c Conecta_topo
quartus_pow --read_settings_files=off --write_settings_files=off Conecta_topo -c Conecta_topo
quartus_sta Conecta_topo -c Conecta_topo
quartus_eda --read_settings_files=off --write_settings_files=off Conecta_topo -c Conecta_topo



